2025-12-30 19:45:42,993 | ERROR | Internal Server Error: /api/auth/login/
Traceback (most recent call last):
  File "C:\Users\radeb\Documents\ALX_Django\venv\Lib\site-packages\django\core\handlers\exception.py", line 55, in inner
    response = get_response(request)
  File "C:\Users\radeb\Documents\ALX_Django\venv\Lib\site-packages\django\core\handlers\base.py", line 197, in _get_response
    response = wrapped_callback(request, *callback_args, **callback_kwargs)
  File "C:\Users\radeb\Documents\ALX_Django\venv\Lib\site-packages\django\views\decorators\csrf.py", line 65, in _view_wrapper
    return view_func(request, *args, **kwargs)
  File "C:\Users\radeb\Documents\ALX_Django\venv\Lib\site-packages\django\views\generic\base.py", line 105, in view
    return self.dispatch(request, *args, **kwargs)
           ~~~~~~~~~~~~~^^^^^^^^^^^^^^^^^^^^^^^^^^
  File "C:\Users\radeb\Documents\ALX_Django\venv\Lib\site-packages\rest_framework\views.py", line 515, in dispatch
    response = self.handle_exception(exc)
  File "C:\Users\radeb\Documents\ALX_Django\venv\Lib\site-packages\rest_framework\views.py", line 475, in handle_exception
    self.raise_uncaught_exception(exc)
    ~~~~~~~~~~~~~~~~~~~~~~~~~~~~~^^^^^
  File "C:\Users\radeb\Documents\ALX_Django\venv\Lib\site-packages\rest_framework\views.py", line 486, in raise_uncaught_exception
    raise exc
  File "C:\Users\radeb\Documents\ALX_Django\venv\Lib\site-packages\rest_framework\views.py", line 512, in dispatch
    response = handler(request, *args, **kwargs)
  File "C:\Users\radeb\Documents\ALX_Django\Alx_DjangoLearnLab\Audi_Notes_Converter_API\AccountsApp\views.py", line 71, in post
    log_activity(
    ~~~~~~~~~~~~^
        request=request,
        ^^^^^^^^^^^^^^^^
    ...<4 lines>...
        log_file="auth.log",
        ^^^^^^^^^^^^^^^^^^^^
    )
    ^
TypeError: log_activity() got an unexpected keyword argument 'log_file'
2025-12-30 19:46:28,269 | ERROR | Internal Server Error: /api/auth/login/
Traceback (most recent call last):
  File "C:\Users\radeb\Documents\ALX_Django\venv\Lib\site-packages\django\core\handlers\exception.py", line 55, in inner
    response = get_response(request)
  File "C:\Users\radeb\Documents\ALX_Django\venv\Lib\site-packages\django\core\handlers\base.py", line 197, in _get_response
    response = wrapped_callback(request, *callback_args, **callback_kwargs)
  File "C:\Users\radeb\Documents\ALX_Django\venv\Lib\site-packages\django\views\decorators\csrf.py", line 65, in _view_wrapper
    return view_func(request, *args, **kwargs)
  File "C:\Users\radeb\Documents\ALX_Django\venv\Lib\site-packages\django\views\generic\base.py", line 105, in view
    return self.dispatch(request, *args, **kwargs)
           ~~~~~~~~~~~~~^^^^^^^^^^^^^^^^^^^^^^^^^^
  File "C:\Users\radeb\Documents\ALX_Django\venv\Lib\site-packages\rest_framework\views.py", line 515, in dispatch
    response = self.handle_exception(exc)
  File "C:\Users\radeb\Documents\ALX_Django\venv\Lib\site-packages\rest_framework\views.py", line 475, in handle_exception
    self.raise_uncaught_exception(exc)
    ~~~~~~~~~~~~~~~~~~~~~~~~~~~~~^^^^^
  File "C:\Users\radeb\Documents\ALX_Django\venv\Lib\site-packages\rest_framework\views.py", line 486, in raise_uncaught_exception
    raise exc
  File "C:\Users\radeb\Documents\ALX_Django\venv\Lib\site-packages\rest_framework\views.py", line 512, in dispatch
    response = handler(request, *args, **kwargs)
  File "C:\Users\radeb\Documents\ALX_Django\Alx_DjangoLearnLab\Audi_Notes_Converter_API\AccountsApp\views.py", line 84, in post
    log_activity(
    ~~~~~~~~~~~~^
        request=request,
        ^^^^^^^^^^^^^^^^
    ...<4 lines>...
        log_file="auth.log",
        ^^^^^^^^^^^^^^^^^^^^
    )
    ^
TypeError: log_activity() got an unexpected keyword argument 'log_file'
2025-12-30 19:46:52,205 | ERROR | Internal Server Error: /api/auth/login/
Traceback (most recent call last):
  File "C:\Users\radeb\Documents\ALX_Django\venv\Lib\site-packages\django\core\handlers\exception.py", line 55, in inner
    response = get_response(request)
  File "C:\Users\radeb\Documents\ALX_Django\venv\Lib\site-packages\django\core\handlers\base.py", line 197, in _get_response
    response = wrapped_callback(request, *callback_args, **callback_kwargs)
  File "C:\Users\radeb\Documents\ALX_Django\venv\Lib\site-packages\django\views\decorators\csrf.py", line 65, in _view_wrapper
    return view_func(request, *args, **kwargs)
  File "C:\Users\radeb\Documents\ALX_Django\venv\Lib\site-packages\django\views\generic\base.py", line 105, in view
    return self.dispatch(request, *args, **kwargs)
           ~~~~~~~~~~~~~^^^^^^^^^^^^^^^^^^^^^^^^^^
  File "C:\Users\radeb\Documents\ALX_Django\venv\Lib\site-packages\rest_framework\views.py", line 515, in dispatch
    response = self.handle_exception(exc)
  File "C:\Users\radeb\Documents\ALX_Django\venv\Lib\site-packages\rest_framework\views.py", line 475, in handle_exception
    self.raise_uncaught_exception(exc)
    ~~~~~~~~~~~~~~~~~~~~~~~~~~~~~^^^^^
  File "C:\Users\radeb\Documents\ALX_Django\venv\Lib\site-packages\rest_framework\views.py", line 486, in raise_uncaught_exception
    raise exc
  File "C:\Users\radeb\Documents\ALX_Django\venv\Lib\site-packages\rest_framework\views.py", line 512, in dispatch
    response = handler(request, *args, **kwargs)
  File "C:\Users\radeb\Documents\ALX_Django\Alx_DjangoLearnLab\Audi_Notes_Converter_API\AccountsApp\views.py", line 71, in post
    log_activity(
    ~~~~~~~~~~~~^
        request=request,
        ^^^^^^^^^^^^^^^^
    ...<4 lines>...
        log_file="auth.log",
        ^^^^^^^^^^^^^^^^^^^^
    )
    ^
TypeError: log_activity() got an unexpected keyword argument 'log_file'
2025-12-30 19:47:20,510 | ERROR | Internal Server Error: /api/auth/password-reset/
Traceback (most recent call last):
  File "C:\Users\radeb\Documents\ALX_Django\venv\Lib\site-packages\django\core\handlers\exception.py", line 55, in inner
    response = get_response(request)
  File "C:\Users\radeb\Documents\ALX_Django\venv\Lib\site-packages\django\core\handlers\base.py", line 197, in _get_response
    response = wrapped_callback(request, *callback_args, **callback_kwargs)
  File "C:\Users\radeb\Documents\ALX_Django\venv\Lib\site-packages\django\views\decorators\csrf.py", line 65, in _view_wrapper
    return view_func(request, *args, **kwargs)
  File "C:\Users\radeb\Documents\ALX_Django\venv\Lib\site-packages\django\views\generic\base.py", line 105, in view
    return self.dispatch(request, *args, **kwargs)
           ~~~~~~~~~~~~~^^^^^^^^^^^^^^^^^^^^^^^^^^
  File "C:\Users\radeb\Documents\ALX_Django\venv\Lib\site-packages\rest_framework\views.py", line 515, in dispatch
    response = self.handle_exception(exc)
  File "C:\Users\radeb\Documents\ALX_Django\venv\Lib\site-packages\rest_framework\views.py", line 475, in handle_exception
    self.raise_uncaught_exception(exc)
    ~~~~~~~~~~~~~~~~~~~~~~~~~~~~~^^^^^
  File "C:\Users\radeb\Documents\ALX_Django\venv\Lib\site-packages\rest_framework\views.py", line 486, in raise_uncaught_exception
    raise exc
  File "C:\Users\radeb\Documents\ALX_Django\venv\Lib\site-packages\rest_framework\views.py", line 512, in dispatch
    response = handler(request, *args, **kwargs)
  File "C:\Users\radeb\Documents\ALX_Django\Alx_DjangoLearnLab\Audi_Notes_Converter_API\AccountsApp\views.py", line 189, in post
    log_activity(
    ~~~~~~~~~~~~^
        request=request,
        ^^^^^^^^^^^^^^^^
    ...<4 lines>...
        log_file="auth.log",
        ^^^^^^^^^^^^^^^^^^^^
    )
    ^
TypeError: log_activity() got an unexpected keyword argument 'log_file'
2025-12-30 19:48:05,582 | ERROR | Internal Server Error: /api/auth/login/
Traceback (most recent call last):
  File "C:\Users\radeb\Documents\ALX_Django\venv\Lib\site-packages\django\core\handlers\exception.py", line 55, in inner
    response = get_response(request)
  File "C:\Users\radeb\Documents\ALX_Django\venv\Lib\site-packages\django\core\handlers\base.py", line 197, in _get_response
    response = wrapped_callback(request, *callback_args, **callback_kwargs)
  File "C:\Users\radeb\Documents\ALX_Django\venv\Lib\site-packages\django\views\decorators\csrf.py", line 65, in _view_wrapper
    return view_func(request, *args, **kwargs)
  File "C:\Users\radeb\Documents\ALX_Django\venv\Lib\site-packages\django\views\generic\base.py", line 105, in view
    return self.dispatch(request, *args, **kwargs)
           ~~~~~~~~~~~~~^^^^^^^^^^^^^^^^^^^^^^^^^^
  File "C:\Users\radeb\Documents\ALX_Django\venv\Lib\site-packages\rest_framework\views.py", line 515, in dispatch
    response = self.handle_exception(exc)
  File "C:\Users\radeb\Documents\ALX_Django\venv\Lib\site-packages\rest_framework\views.py", line 475, in handle_exception
    self.raise_uncaught_exception(exc)
    ~~~~~~~~~~~~~~~~~~~~~~~~~~~~~^^^^^
  File "C:\Users\radeb\Documents\ALX_Django\venv\Lib\site-packages\rest_framework\views.py", line 486, in raise_uncaught_exception
    raise exc
  File "C:\Users\radeb\Documents\ALX_Django\venv\Lib\site-packages\rest_framework\views.py", line 512, in dispatch
    response = handler(request, *args, **kwargs)
  File "C:\Users\radeb\Documents\ALX_Django\Alx_DjangoLearnLab\Audi_Notes_Converter_API\AccountsApp\views.py", line 84, in post
    log_activity(
    ~~~~~~~~~~~~^
        request=request,
        ^^^^^^^^^^^^^^^^
    ...<4 lines>...
        log_file="auth.log",
        ^^^^^^^^^^^^^^^^^^^^
    )
    ^
TypeError: log_activity() got an unexpected keyword argument 'log_file'
2025-12-30 19:48:31,816 | ERROR | Internal Server Error: /api/auth/password-reset/
Traceback (most recent call last):
  File "C:\Users\radeb\Documents\ALX_Django\venv\Lib\site-packages\django\core\handlers\exception.py", line 55, in inner
    response = get_response(request)
  File "C:\Users\radeb\Documents\ALX_Django\venv\Lib\site-packages\django\core\handlers\base.py", line 197, in _get_response
    response = wrapped_callback(request, *callback_args, **callback_kwargs)
  File "C:\Users\radeb\Documents\ALX_Django\venv\Lib\site-packages\django\views\decorators\csrf.py", line 65, in _view_wrapper
    return view_func(request, *args, **kwargs)
  File "C:\Users\radeb\Documents\ALX_Django\venv\Lib\site-packages\django\views\generic\base.py", line 105, in view
    return self.dispatch(request, *args, **kwargs)
           ~~~~~~~~~~~~~^^^^^^^^^^^^^^^^^^^^^^^^^^
  File "C:\Users\radeb\Documents\ALX_Django\venv\Lib\site-packages\rest_framework\views.py", line 515, in dispatch
    response = self.handle_exception(exc)
  File "C:\Users\radeb\Documents\ALX_Django\venv\Lib\site-packages\rest_framework\views.py", line 475, in handle_exception
    self.raise_uncaught_exception(exc)
    ~~~~~~~~~~~~~~~~~~~~~~~~~~~~~^^^^^
  File "C:\Users\radeb\Documents\ALX_Django\venv\Lib\site-packages\rest_framework\views.py", line 486, in raise_uncaught_exception
    raise exc
  File "C:\Users\radeb\Documents\ALX_Django\venv\Lib\site-packages\rest_framework\views.py", line 512, in dispatch
    response = handler(request, *args, **kwargs)
  File "C:\Users\radeb\Documents\ALX_Django\Alx_DjangoLearnLab\Audi_Notes_Converter_API\AccountsApp\views.py", line 189, in post
    log_activity(
    ~~~~~~~~~~~~^
        request=request,
        ^^^^^^^^^^^^^^^^
    ...<4 lines>...
        log_file="auth.log",
        ^^^^^^^^^^^^^^^^^^^^
    )
    ^
TypeError: log_activity() got an unexpected keyword argument 'log_file'
2025-12-30 19:51:20,236 | ERROR | Internal Server Error: /api/auth/login/
Traceback (most recent call last):
  File "C:\Users\radeb\Documents\ALX_Django\venv\Lib\site-packages\django\core\handlers\exception.py", line 55, in inner
    response = get_response(request)
  File "C:\Users\radeb\Documents\ALX_Django\venv\Lib\site-packages\django\core\handlers\base.py", line 197, in _get_response
    response = wrapped_callback(request, *callback_args, **callback_kwargs)
  File "C:\Users\radeb\Documents\ALX_Django\venv\Lib\site-packages\django\views\decorators\csrf.py", line 65, in _view_wrapper
    return view_func(request, *args, **kwargs)
  File "C:\Users\radeb\Documents\ALX_Django\venv\Lib\site-packages\django\views\generic\base.py", line 105, in view
    return self.dispatch(request, *args, **kwargs)
           ~~~~~~~~~~~~~^^^^^^^^^^^^^^^^^^^^^^^^^^
  File "C:\Users\radeb\Documents\ALX_Django\venv\Lib\site-packages\rest_framework\views.py", line 515, in dispatch
    response = self.handle_exception(exc)
  File "C:\Users\radeb\Documents\ALX_Django\venv\Lib\site-packages\rest_framework\views.py", line 475, in handle_exception
    self.raise_uncaught_exception(exc)
    ~~~~~~~~~~~~~~~~~~~~~~~~~~~~~^^^^^
  File "C:\Users\radeb\Documents\ALX_Django\venv\Lib\site-packages\rest_framework\views.py", line 486, in raise_uncaught_exception
    raise exc
  File "C:\Users\radeb\Documents\ALX_Django\venv\Lib\site-packages\rest_framework\views.py", line 512, in dispatch
    response = handler(request, *args, **kwargs)
  File "C:\Users\radeb\Documents\ALX_Django\Alx_DjangoLearnLab\Audi_Notes_Converter_API\AccountsApp\views.py", line 84, in post
    log_activity(
    ~~~~~~~~~~~~^
        request=request,
        ^^^^^^^^^^^^^^^^
    ...<4 lines>...
        log_file="auth.log",
        ^^^^^^^^^^^^^^^^^^^^
    )
    ^
TypeError: log_activity() got an unexpected keyword argument 'log_file'
2025-12-30 20:11:27,965 | ERROR | Internal Server Error: /api/documents/
Traceback (most recent call last):
  File "C:\Users\radeb\Documents\ALX_Django\venv\Lib\site-packages\django\core\handlers\exception.py", line 55, in inner
    response = get_response(request)
  File "C:\Users\radeb\Documents\ALX_Django\venv\Lib\site-packages\django\core\handlers\base.py", line 197, in _get_response
    response = wrapped_callback(request, *callback_args, **callback_kwargs)
  File "C:\Users\radeb\Documents\ALX_Django\venv\Lib\site-packages\django\views\decorators\csrf.py", line 65, in _view_wrapper
    return view_func(request, *args, **kwargs)
  File "C:\Users\radeb\Documents\ALX_Django\venv\Lib\site-packages\rest_framework\viewsets.py", line 125, in view
    return self.dispatch(request, *args, **kwargs)
           ~~~~~~~~~~~~~^^^^^^^^^^^^^^^^^^^^^^^^^^
  File "C:\Users\radeb\Documents\ALX_Django\venv\Lib\site-packages\rest_framework\views.py", line 515, in dispatch
    response = self.handle_exception(exc)
  File "C:\Users\radeb\Documents\ALX_Django\venv\Lib\site-packages\rest_framework\views.py", line 475, in handle_exception
    self.raise_uncaught_exception(exc)
    ~~~~~~~~~~~~~~~~~~~~~~~~~~~~~^^^^^
  File "C:\Users\radeb\Documents\ALX_Django\venv\Lib\site-packages\rest_framework\views.py", line 486, in raise_uncaught_exception
    raise exc
  File "C:\Users\radeb\Documents\ALX_Django\venv\Lib\site-packages\rest_framework\views.py", line 512, in dispatch
    response = handler(request, *args, **kwargs)
  File "C:\Users\radeb\Documents\ALX_Django\venv\Lib\site-packages\rest_framework\mixins.py", line 19, in create
    self.perform_create(serializer)
    ~~~~~~~~~~~~~~~~~~~^^^^^^^^^^^^
  File "C:\Users\radeb\Documents\ALX_Django\Alx_DjangoLearnLab\Audi_Notes_Converter_API\Document\views.py", line 54, in perform_create
    log_activity(
    ~~~~~~~~~~~~^
        request=self.request,
        ^^^^^^^^^^^^^^^^^^^^^
    ...<4 lines>...
        log_file="document.log",
        ^^^^^^^^^^^^^^^^^^^^^^^^
    )
    ^
TypeError: log_activity() got an unexpected keyword argument 'log_file'
2025-12-30 20:12:05,936 | ERROR | Internal Server Error: /api/documents/
Traceback (most recent call last):
  File "C:\Users\radeb\Documents\ALX_Django\venv\Lib\site-packages\django\core\handlers\exception.py", line 55, in inner
    response = get_response(request)
  File "C:\Users\radeb\Documents\ALX_Django\venv\Lib\site-packages\django\core\handlers\base.py", line 197, in _get_response
    response = wrapped_callback(request, *callback_args, **callback_kwargs)
  File "C:\Users\radeb\Documents\ALX_Django\venv\Lib\site-packages\django\views\decorators\csrf.py", line 65, in _view_wrapper
    return view_func(request, *args, **kwargs)
  File "C:\Users\radeb\Documents\ALX_Django\venv\Lib\site-packages\rest_framework\viewsets.py", line 125, in view
    return self.dispatch(request, *args, **kwargs)
           ~~~~~~~~~~~~~^^^^^^^^^^^^^^^^^^^^^^^^^^
  File "C:\Users\radeb\Documents\ALX_Django\venv\Lib\site-packages\rest_framework\views.py", line 515, in dispatch
    response = self.handle_exception(exc)
  File "C:\Users\radeb\Documents\ALX_Django\venv\Lib\site-packages\rest_framework\views.py", line 475, in handle_exception
    self.raise_uncaught_exception(exc)
    ~~~~~~~~~~~~~~~~~~~~~~~~~~~~~^^^^^
  File "C:\Users\radeb\Documents\ALX_Django\venv\Lib\site-packages\rest_framework\views.py", line 486, in raise_uncaught_exception
    raise exc
  File "C:\Users\radeb\Documents\ALX_Django\venv\Lib\site-packages\rest_framework\views.py", line 512, in dispatch
    response = handler(request, *args, **kwargs)
  File "C:\Users\radeb\Documents\ALX_Django\venv\Lib\site-packages\rest_framework\mixins.py", line 19, in create
    self.perform_create(serializer)
    ~~~~~~~~~~~~~~~~~~~^^^^^^^^^^^^
  File "C:\Users\radeb\Documents\ALX_Django\Alx_DjangoLearnLab\Audi_Notes_Converter_API\Document\views.py", line 54, in perform_create
    log_activity(
    ~~~~~~~~~~~~^
        request=self.request,
        ^^^^^^^^^^^^^^^^^^^^^
    ...<4 lines>...
        log_file="document.log",
        ^^^^^^^^^^^^^^^^^^^^^^^^
    )
    ^
TypeError: log_activity() got an unexpected keyword argument 'log_file'
2025-12-30 20:12:34,687 | ERROR | Internal Server Error: /api/documents/
Traceback (most recent call last):
  File "C:\Users\radeb\Documents\ALX_Django\venv\Lib\site-packages\django\core\handlers\exception.py", line 55, in inner
    response = get_response(request)
  File "C:\Users\radeb\Documents\ALX_Django\venv\Lib\site-packages\django\core\handlers\base.py", line 197, in _get_response
    response = wrapped_callback(request, *callback_args, **callback_kwargs)
  File "C:\Users\radeb\Documents\ALX_Django\venv\Lib\site-packages\django\views\decorators\csrf.py", line 65, in _view_wrapper
    return view_func(request, *args, **kwargs)
  File "C:\Users\radeb\Documents\ALX_Django\venv\Lib\site-packages\rest_framework\viewsets.py", line 125, in view
    return self.dispatch(request, *args, **kwargs)
           ~~~~~~~~~~~~~^^^^^^^^^^^^^^^^^^^^^^^^^^
  File "C:\Users\radeb\Documents\ALX_Django\venv\Lib\site-packages\rest_framework\views.py", line 515, in dispatch
    response = self.handle_exception(exc)
  File "C:\Users\radeb\Documents\ALX_Django\venv\Lib\site-packages\rest_framework\views.py", line 475, in handle_exception
    self.raise_uncaught_exception(exc)
    ~~~~~~~~~~~~~~~~~~~~~~~~~~~~~^^^^^
  File "C:\Users\radeb\Documents\ALX_Django\venv\Lib\site-packages\rest_framework\views.py", line 486, in raise_uncaught_exception
    raise exc
  File "C:\Users\radeb\Documents\ALX_Django\venv\Lib\site-packages\rest_framework\views.py", line 512, in dispatch
    response = handler(request, *args, **kwargs)
  File "C:\Users\radeb\Documents\ALX_Django\venv\Lib\site-packages\rest_framework\mixins.py", line 19, in create
    self.perform_create(serializer)
    ~~~~~~~~~~~~~~~~~~~^^^^^^^^^^^^
  File "C:\Users\radeb\Documents\ALX_Django\Alx_DjangoLearnLab\Audi_Notes_Converter_API\Document\views.py", line 54, in perform_create
    log_activity(
    ~~~~~~~~~~~~^
        request=self.request,
        ^^^^^^^^^^^^^^^^^^^^^
    ...<4 lines>...
        log_file="document.log",
        ^^^^^^^^^^^^^^^^^^^^^^^^
    )
    ^
TypeError: log_activity() got an unexpected keyword argument 'log_file'
2025-12-30 20:36:04,205 | ERROR | Logging failure: ActivityLog() got unexpected keyword arguments: 'username'
Traceback (most recent call last):
  File "C:\Users\radeb\Documents\ALX_Django\Alx_DjangoLearnLab\Audi_Notes_Converter_API\ActivityLog\utils.py", line 65, in log_activity
    ActivityLog.objects.create(
    ~~~~~~~~~~~~~~~~~~~~~~~~~~^
        user=user,
        ^^^^^^^^^^
    ...<5 lines>...
        timestamp=timezone.now(),
        ^^^^^^^^^^^^^^^^^^^^^^^^^
    )
    ^
  File "C:\Users\radeb\Documents\ALX_Django\venv\Lib\site-packages\django\db\models\manager.py", line 87, in manager_method
    return getattr(self.get_queryset(), name)(*args, **kwargs)
           ~~~~~~~~~~~~~~~~~~~~~~~~~~~~~~~~~~^^^^^^^^^^^^^^^^^
  File "C:\Users\radeb\Documents\ALX_Django\venv\Lib\site-packages\django\db\models\query.py", line 661, in create
    obj = self.model(**kwargs)
  File "C:\Users\radeb\Documents\ALX_Django\venv\Lib\site-packages\django\db\models\base.py", line 569, in __init__
    raise TypeError(
    ...<2 lines>...
    )
TypeError: ActivityLog() got unexpected keyword arguments: 'username'
2025-12-30 20:38:07,175 | ERROR | Logging failure: ActivityLog() got unexpected keyword arguments: 'username'
Traceback (most recent call last):
  File "C:\Users\radeb\Documents\ALX_Django\Alx_DjangoLearnLab\Audi_Notes_Converter_API\ActivityLog\utils.py", line 65, in log_activity
    ActivityLog.objects.create(
    ~~~~~~~~~~~~~~~~~~~~~~~~~~^
        user=user,
        ^^^^^^^^^^
    ...<5 lines>...
        timestamp=timezone.now(),
        ^^^^^^^^^^^^^^^^^^^^^^^^^
    )
    ^
  File "C:\Users\radeb\Documents\ALX_Django\venv\Lib\site-packages\django\db\models\manager.py", line 87, in manager_method
    return getattr(self.get_queryset(), name)(*args, **kwargs)
           ~~~~~~~~~~~~~~~~~~~~~~~~~~~~~~~~~~^^^^^^^^^^^^^^^^^
  File "C:\Users\radeb\Documents\ALX_Django\venv\Lib\site-packages\django\db\models\query.py", line 661, in create
    obj = self.model(**kwargs)
  File "C:\Users\radeb\Documents\ALX_Django\venv\Lib\site-packages\django\db\models\base.py", line 569, in __init__
    raise TypeError(
    ...<2 lines>...
    )
TypeError: ActivityLog() got unexpected keyword arguments: 'username'
